mode: set
mowers/internal/application/manage_mowers.go:8.59,12.31 2 1
mowers/internal/application/manage_mowers.go:12.31,16.17 2 1
mowers/internal/application/manage_mowers.go:16.17,18.4 1 0
mowers/internal/application/manage_mowers.go:20.3,21.22 2 1
mowers/internal/application/manage_mowers.go:24.2,24.24 1 1
mowers/internal/infrastructure/validator.go:9.84,12.23 2 1
mowers/internal/infrastructure/validator.go:12.23,14.3 1 1
mowers/internal/infrastructure/validator.go:16.2,18.61 2 1
mowers/internal/infrastructure/validator.go:18.61,20.3 1 1
mowers/internal/infrastructure/validator.go:22.2,23.16 2 1
mowers/internal/infrastructure/validator.go:23.16,25.3 1 1
mowers/internal/infrastructure/validator.go:27.2,28.16 2 1
mowers/internal/infrastructure/validator.go:28.16,30.3 1 0
mowers/internal/infrastructure/validator.go:32.2,32.44 1 1
mowers/internal/infrastructure/validator.go:32.44,33.15 1 1
mowers/internal/infrastructure/validator.go:33.15,35.18 2 1
mowers/internal/infrastructure/validator.go:35.18,37.5 1 1
mowers/internal/infrastructure/validator.go:38.4,39.18 2 1
mowers/internal/infrastructure/validator.go:39.18,41.5 1 1
mowers/internal/infrastructure/validator.go:43.4,44.18 2 1
mowers/internal/infrastructure/validator.go:44.18,46.5 1 1
mowers/internal/infrastructure/validator.go:47.4,47.23 1 1
mowers/internal/infrastructure/validator.go:51.2,51.16 1 1
mowers/cmd/cli/main.go:19.13,24.26 4 1
mowers/cmd/cli/main.go:24.26,27.3 2 1
mowers/cmd/cli/main.go:29.2,30.16 2 1
mowers/cmd/cli/main.go:30.16,32.3 1 1
mowers/cmd/cli/main.go:32.8,34.3 1 1
mowers/cmd/cli/main.go:38.32,44.16 4 1
mowers/cmd/cli/main.go:44.16,46.3 1 1
mowers/cmd/cli/main.go:48.2,49.16 2 1
mowers/cmd/cli/main.go:49.16,51.3 1 1
mowers/cmd/cli/main.go:53.2,54.16 2 1
mowers/cmd/cli/main.go:54.16,56.3 1 0
mowers/cmd/cli/main.go:58.2,58.17 1 1
mowers/cmd/cli/main.go:62.55,64.18 1 1
mowers/cmd/cli/main.go:64.18,66.17 2 1
mowers/cmd/cli/main.go:66.17,68.4 1 1
mowers/cmd/cli/main.go:69.3,72.17 4 1
mowers/cmd/cli/main.go:72.17,74.4 1 0
mowers/cmd/cli/main.go:75.3,75.48 1 1
mowers/cmd/cli/main.go:76.8,78.3 1 1
mowers/internal/domain/cardinal.go:21.57,24.25 2 1
mowers/internal/domain/cardinal.go:24.25,26.3 1 1
mowers/internal/domain/cardinal.go:27.2,29.25 2 1
mowers/internal/domain/cardinal.go:29.25,31.3 1 1
mowers/internal/domain/cardinal.go:33.2,33.33 1 1
mowers/internal/domain/cardinal.go:36.61,37.54 1 1
mowers/internal/domain/cardinal.go:37.54,39.3 1 1
mowers/internal/domain/cardinal.go:41.2,42.24 2 1
mowers/internal/domain/cardinal.go:42.24,44.3 1 1
mowers/internal/domain/cardinal.go:44.8,46.3 1 1
mowers/internal/domain/cardinal.go:48.2,52.46 4 1
mowers/internal/domain/cardinal.go:55.56,56.30 1 1
mowers/internal/domain/cardinal.go:56.30,57.20 1 1
mowers/internal/domain/cardinal.go:57.20,59.4 1 1
mowers/internal/domain/cardinal.go:61.2,61.11 1 0
mowers/internal/domain/cardinal.go:64.35,66.2 1 1
mowers/internal/domain/cardinal.go:68.44,69.30 1 1
mowers/internal/domain/cardinal.go:69.30,70.20 1 1
mowers/internal/domain/cardinal.go:70.20,72.4 1 1
mowers/internal/domain/cardinal.go:74.2,74.14 1 1
mowers/internal/domain/coordinates.go:15.69,17.17 2 1
mowers/internal/domain/coordinates.go:17.17,19.3 1 1
mowers/internal/domain/coordinates.go:21.2,22.16 2 1
mowers/internal/domain/coordinates.go:22.16,24.3 1 1
mowers/internal/domain/coordinates.go:25.2,26.16 2 1
mowers/internal/domain/coordinates.go:26.16,28.3 1 1
mowers/internal/domain/coordinates.go:30.2,30.34 1 1
mowers/internal/domain/coordinates.go:33.59,35.20 1 1
mowers/internal/domain/coordinates.go:35.20,37.3 1 1
mowers/internal/domain/coordinates.go:38.2,38.20 1 1
mowers/internal/domain/coordinates.go:38.20,40.3 1 1
mowers/internal/domain/coordinates.go:42.2,42.37 1 1
mowers/internal/domain/coordinates.go:45.38,47.2 1 1
mowers/internal/domain/mower.go:11.75,15.16 3 1
mowers/internal/domain/mower.go:15.16,17.3 1 1
mowers/internal/domain/mower.go:18.2,18.16 1 1
mowers/internal/domain/mower.go:21.43,23.2 1 1
mowers/internal/domain/mower.go:25.51,27.37 1 1
mowers/internal/domain/mower.go:27.37,28.36 1 1
mowers/internal/domain/mower.go:28.36,30.4 1 0
mowers/internal/domain/mower.go:33.2,33.38 1 1
mowers/internal/domain/mower.go:36.45,42.24 4 1
mowers/internal/domain/mower.go:42.24,46.52 3 1
mowers/internal/domain/mower.go:47.19,48.7 1 1
mowers/internal/domain/mower.go:49.19,50.7 1 1
mowers/internal/domain/mower.go:51.19,52.7 1 1
mowers/internal/domain/mower.go:53.19,54.7 1 1
mowers/internal/domain/mower.go:55.11,56.39 1 0
mowers/internal/domain/mower.go:59.3,60.17 2 1
mowers/internal/domain/mower.go:60.17,62.4 1 0
mowers/internal/domain/mower.go:63.3,64.17 2 1
mowers/internal/domain/mower.go:64.17,66.4 1 0
mowers/internal/domain/mower.go:66.9,68.4 1 1
mowers/internal/domain/mower.go:69.8,71.17 2 1
mowers/internal/domain/mower.go:71.17,73.4 1 0
mowers/internal/domain/mower.go:76.2,77.16 2 1
mowers/internal/domain/mower.go:77.16,79.3 1 0
mowers/internal/domain/mower.go:81.2,83.12 2 1
mowers/internal/domain/mower_position.go:12.70,14.24 1 1
mowers/internal/domain/mower_position.go:14.24,16.3 1 1
mowers/internal/domain/mower_position.go:18.2,20.16 2 1
mowers/internal/domain/mower_position.go:20.16,22.3 1 1
mowers/internal/domain/mower_position.go:24.2,26.16 2 1
mowers/internal/domain/mower_position.go:26.16,28.3 1 1
mowers/internal/domain/mower_position.go:30.2,30.45 1 1
mowers/internal/domain/mower_position.go:33.93,36.2 1 1
mowers/internal/domain/mower_position.go:38.40,40.2 1 1
mowers/internal/domain/path.go:20.53,22.24 1 1
mowers/internal/domain/path.go:22.24,24.3 1 1
mowers/internal/domain/path.go:25.2,28.24 3 1
mowers/internal/domain/path.go:31.51,35.30 3 1
mowers/internal/domain/path.go:35.30,36.25 1 1
mowers/internal/domain/path.go:36.25,38.4 1 1
mowers/internal/domain/path.go:38.9,40.4 1 1
mowers/internal/domain/path.go:42.2,42.31 1 1
mowers/internal/domain/path.go:45.44,47.2 1 1
mowers/internal/domain/plateau.go:14.62,15.90 1 1
mowers/internal/domain/plateau.go:15.90,17.3 1 1
mowers/internal/domain/plateau.go:19.2,19.47 1 1
mowers/internal/domain/plateau.go:22.57,24.80 1 1
mowers/internal/domain/plateau.go:24.80,27.3 1 0
mowers/internal/domain/plateau.go:29.2,29.30 1 1
mowers/internal/domain/plateau.go:29.30,30.14 1 1
mowers/internal/domain/plateau.go:30.14,31.12 1 1
mowers/internal/domain/plateau.go:33.3,33.89 1 1
mowers/internal/domain/plateau.go:33.89,35.4 1 1
mowers/internal/domain/plateau.go:37.2,37.12 1 1
mowers/internal/domain/plateau.go:40.48,43.16 2 1
mowers/internal/domain/plateau.go:43.16,45.3 1 1
mowers/internal/domain/plateau.go:46.2,48.12 2 1
