mode: set
mowers/internal/application/manage_mowers.go:8.59,12.32 2 1
mowers/internal/application/manage_mowers.go:12.32,16.17 2 1
mowers/internal/application/manage_mowers.go:16.17,18.4 1 0
mowers/internal/application/manage_mowers.go:20.3,20.20 1 1
mowers/internal/application/manage_mowers.go:23.2,23.24 1 1
mowers/cmd/cli/main.go:19.13,24.26 4 1
mowers/cmd/cli/main.go:24.26,27.3 2 1
mowers/cmd/cli/main.go:29.2,30.16 2 1
mowers/cmd/cli/main.go:30.16,32.3 1 1
mowers/cmd/cli/main.go:32.8,34.3 1 1
mowers/cmd/cli/main.go:38.32,44.16 4 1
mowers/cmd/cli/main.go:44.16,46.3 1 1
mowers/cmd/cli/main.go:48.2,49.16 2 1
mowers/cmd/cli/main.go:49.16,51.3 1 1
mowers/cmd/cli/main.go:53.2,54.16 2 1
mowers/cmd/cli/main.go:54.16,56.3 1 0
mowers/cmd/cli/main.go:58.2,58.17 1 1
mowers/cmd/cli/main.go:62.55,64.18 1 1
mowers/cmd/cli/main.go:64.18,66.17 2 1
mowers/cmd/cli/main.go:66.17,68.4 1 1
mowers/cmd/cli/main.go:69.3,72.17 4 1
mowers/cmd/cli/main.go:72.17,74.4 1 0
mowers/cmd/cli/main.go:75.3,75.48 1 1
mowers/cmd/cli/main.go:76.8,78.3 1 1
mowers/internal/infrastructure/validator.go:9.85,10.23 1 1
mowers/internal/infrastructure/validator.go:10.23,12.3 1 1
mowers/internal/infrastructure/validator.go:14.2,16.61 2 1
mowers/internal/infrastructure/validator.go:16.61,18.3 1 1
mowers/internal/infrastructure/validator.go:20.2,21.16 2 1
mowers/internal/infrastructure/validator.go:21.16,23.3 1 1
mowers/internal/infrastructure/validator.go:25.2,25.44 1 1
mowers/internal/infrastructure/validator.go:25.44,26.15 1 1
mowers/internal/infrastructure/validator.go:26.15,28.18 2 1
mowers/internal/infrastructure/validator.go:28.18,30.5 1 1
mowers/internal/infrastructure/validator.go:31.4,32.18 2 1
mowers/internal/infrastructure/validator.go:32.18,34.5 1 1
mowers/internal/infrastructure/validator.go:36.4,37.18 2 1
mowers/internal/infrastructure/validator.go:37.18,39.5 1 1
mowers/internal/infrastructure/validator.go:40.4,40.25 1 1
mowers/internal/infrastructure/validator.go:44.2,44.12 1 1
mowers/internal/infrastructure/validator.go:47.66,49.69 1 1
mowers/internal/infrastructure/validator.go:49.69,51.3 1 1
mowers/internal/infrastructure/validator.go:51.8,54.3 2 1
mowers/internal/domain/cardinal.go:21.57,24.25 2 1
mowers/internal/domain/cardinal.go:24.25,26.3 1 1
mowers/internal/domain/cardinal.go:28.2,30.30 2 1
mowers/internal/domain/cardinal.go:30.30,31.14 1 1
mowers/internal/domain/cardinal.go:31.14,33.4 1 1
mowers/internal/domain/cardinal.go:36.2,36.13 1 1
mowers/internal/domain/cardinal.go:36.13,38.3 1 1
mowers/internal/domain/cardinal.go:40.2,40.33 1 1
mowers/internal/domain/cardinal.go:43.61,45.24 2 0
mowers/internal/domain/cardinal.go:45.24,47.3 1 0
mowers/internal/domain/cardinal.go:47.8,49.3 1 0
mowers/internal/domain/cardinal.go:51.2,55.46 4 0
mowers/internal/domain/cardinal.go:58.56,59.30 1 0
mowers/internal/domain/cardinal.go:59.30,60.20 1 0
mowers/internal/domain/cardinal.go:60.20,62.4 1 0
mowers/internal/domain/cardinal.go:64.2,64.11 1 0
mowers/internal/domain/cardinal.go:67.35,69.2 1 0
mowers/internal/domain/coordinates.go:15.69,17.17 2 1
mowers/internal/domain/coordinates.go:17.17,19.3 1 1
mowers/internal/domain/coordinates.go:21.2,22.16 2 1
mowers/internal/domain/coordinates.go:22.16,24.3 1 1
mowers/internal/domain/coordinates.go:25.2,26.16 2 1
mowers/internal/domain/coordinates.go:26.16,28.3 1 1
mowers/internal/domain/coordinates.go:30.2,30.34 1 1
mowers/internal/domain/coordinates.go:33.59,35.20 1 1
mowers/internal/domain/coordinates.go:35.20,37.3 1 1
mowers/internal/domain/coordinates.go:38.2,38.20 1 1
mowers/internal/domain/coordinates.go:38.20,40.3 1 1
mowers/internal/domain/coordinates.go:42.2,42.37 1 1
mowers/internal/domain/coordinates.go:45.38,47.2 1 0
mowers/internal/domain/mower.go:9.74,13.16 3 1
mowers/internal/domain/mower.go:13.16,15.3 1 1
mowers/internal/domain/mower.go:16.2,16.15 1 1
mowers/internal/domain/mower.go:19.43,21.2 1 1
mowers/internal/domain/mower.go:23.51,25.37 1 0
mowers/internal/domain/mower.go:25.37,26.36 1 0
mowers/internal/domain/mower.go:26.36,28.4 1 0
mowers/internal/domain/mower.go:31.2,31.38 1 0
mowers/internal/domain/mower.go:34.45,40.24 4 0
mowers/internal/domain/mower.go:40.24,44.52 3 0
mowers/internal/domain/mower.go:45.19,46.7 1 0
mowers/internal/domain/mower.go:47.19,48.7 1 0
mowers/internal/domain/mower.go:49.19,50.7 1 0
mowers/internal/domain/mower.go:51.19,52.7 1 0
mowers/internal/domain/mower.go:53.11,53.11 0 0
mowers/internal/domain/mower.go:56.3,57.17 2 0
mowers/internal/domain/mower.go:57.17,59.4 1 0
mowers/internal/domain/mower.go:60.8,62.17 2 0
mowers/internal/domain/mower.go:62.17,64.4 1 0
mowers/internal/domain/mower.go:67.2,68.16 2 0
mowers/internal/domain/mower.go:68.16,70.3 1 0
mowers/internal/domain/mower.go:72.2,74.12 2 0
mowers/internal/domain/mower_position.go:12.70,14.24 1 1
mowers/internal/domain/mower_position.go:14.24,16.3 1 1
mowers/internal/domain/mower_position.go:18.2,20.16 2 1
mowers/internal/domain/mower_position.go:20.16,22.3 1 1
mowers/internal/domain/mower_position.go:24.2,26.16 2 1
mowers/internal/domain/mower_position.go:26.16,28.3 1 1
mowers/internal/domain/mower_position.go:30.2,30.45 1 1
mowers/internal/domain/mower_position.go:33.93,36.2 1 1
mowers/internal/domain/mower_position.go:38.40,40.2 1 0
mowers/internal/domain/path.go:20.53,22.24 1 1
mowers/internal/domain/path.go:22.24,24.3 1 1
mowers/internal/domain/path.go:25.2,28.24 3 1
mowers/internal/domain/path.go:31.51,35.30 3 1
mowers/internal/domain/path.go:35.30,36.37 1 1
mowers/internal/domain/path.go:36.37,38.4 1 1
mowers/internal/domain/path.go:38.9,40.4 1 1
mowers/internal/domain/path.go:42.2,42.31 1 1
mowers/internal/domain/plateau.go:12.72,13.38 1 1
mowers/internal/domain/plateau.go:13.38,14.53 1 1
mowers/internal/domain/plateau.go:14.53,16.4 1 1
mowers/internal/domain/plateau.go:18.2,18.12 1 1
mowers/internal/domain/plateau.go:21.67,24.16 2 1
mowers/internal/domain/plateau.go:24.16,26.3 1 1
mowers/internal/domain/plateau.go:28.2,29.12 2 1
